actionid: flake8
msg: getenv
cmdargs: [local('/home/jorujlu/Desktop/flask-developer-challenge-master/.tox/flake8/bin/pip'), 'install', 'flake8', 'flake8-docstrings']
env: {'WINDOWID': '33554440', 'QT_QPA_PLATFORMTHEME': 'appmenu-qt5', 'XDG_GREETER_DATA_DIR': '/var/lib/lightdm-data/jorujlu', 'GNOME_DESKTOP_SESSION_ID': 'this-is-deprecated', 'UPSTART_EVENTS': 'started starting', 'LESSOPEN': '| /usr/bin/lesspipe %s', 'QT_IM_MODULE': 'ibus', 'LOGNAME': 'jorujlu', 'USER': 'jorujlu', 'GNOME_KEYRING_CONTROL': '/run/user/1000/keyring-jwDBHL', 'XDG_VTNR': '7', 'PATH': '/home/jorujlu/Desktop/flask-developer-challenge-master/.tox/flake8/bin:/usr/local/sbin:/usr/local/bin:/usr/sbin:/usr/bin:/sbin:/bin:/usr/games:/usr/local/games', 'PS1': '\\[\\e]0;\\u@\\h: \\w\\a\\]${debian_chroot:+($debian_chroot)}\\u@\\h:\\w\\$ ', 'DISPLAY': ':0', 'LANG': 'en_CA.UTF-8', 'TERM': 'xterm', 'SHELL': '/bin/bash', 'XDG_SESSION_PATH': '/org/freedesktop/DisplayManager/Session0', 'XAUTHORITY': '/home/jorujlu/.Xauthority', 'LANGUAGE': 'en_CA:en', 'SHLVL': '1', 'MANDATORY_PATH': '/usr/share/gconf/ubuntu.mandatory.path', 'JOB': 'gnome-session', 'VIRTUAL_ENV': '/home/jorujlu/Desktop/flask-developer-challenge-master/.tox/flake8', 'UPSTART_INSTANCE': '', 'COMPIZ_CONFIG_PROFILE': 'ubuntu', 'TEXTDOMAIN': 'im-config', 'CLUTTER_IM_MODULE': 'xim', 'XMODIFIERS': '@im=ibus', 'PYTHONHASHSEED': '2997632925', 'GPG_AGENT_INFO': '/run/user/1000/keyring-jwDBHL/gpg:0:1', 'HOME': '/home/jorujlu', 'QT4_IM_MODULE': 'xim', 'SELINUX_INIT': 'YES', 'SSH_AUTH_SOCK': '/run/user/1000/keyring-jwDBHL/ssh', 'XDG_RUNTIME_DIR': '/run/user/1000', 'SESSIONTYPE': 'gnome-session', 'VTE_VERSION': '3409', 'GDMSESSION': 'ubuntu', 'IM_CONFIG_PHASE': '1', 'UPSTART_JOB': 'unity-settings-daemon', 'TEXTDOMAINDIR': '/usr/share/locale/', 'XDG_DATA_DIRS': '/usr/share/ubuntu:/usr/share/gnome:/usr/local/share/:/usr/share/', 'XDG_SEAT_PATH': '/org/freedesktop/DisplayManager/Seat0', 'XDG_CONFIG_DIRS': '/etc/xdg/xdg-ubuntu:/usr/share/upstart/xdg:/etc/xdg', 'XDG_CURRENT_DESKTOP': 'Unity', 'XDG_SESSION_ID': 'c2', 'DBUS_SESSION_BUS_ADDRESS': 'unix:abstract=/tmp/dbus-XF3idJT7Uk', '_': '/usr/local/bin/tox', 'DEFAULTS_PATH': '/usr/share/gconf/ubuntu.default.path', 'GTK_IM_MODULE': 'ibus', 'DESKTOP_SESSION': 'ubuntu', 'UPSTART_SESSION': 'unix:abstract=/com/ubuntu/upstart-session/1000/1863', 'LESSCLOSE': '/usr/bin/lesspipe %s %s', 'GNOME_KEYRING_PID': '1859', 'OLDPWD': '/home/jorujlu/Desktop', 'GDM_LANG': 'en_CA', 'GTK_MODULES': 'overlay-scrollbar:unity-gtk-module', 'INSTANCE': 'Unity', 'PWD': '/home/jorujlu/Desktop/flask-developer-challenge-master', 'COLORTERM': 'gnome-terminal', 'LS_COLORS': 'rs=0:di=01;34:ln=01;36:mh=00:pi=40;33:so=01;35:do=01;35:bd=40;33;01:cd=40;33;01:or=40;31;01:su=37;41:sg=30;43:ca=30;41:tw=30;42:ow=34;42:st=37;44:ex=01;32:*.tar=01;31:*.tgz=01;31:*.arj=01;31:*.taz=01;31:*.lzh=01;31:*.lzma=01;31:*.tlz=01;31:*.txz=01;31:*.zip=01;31:*.z=01;31:*.Z=01;31:*.dz=01;31:*.gz=01;31:*.lz=01;31:*.xz=01;31:*.bz2=01;31:*.bz=01;31:*.tbz=01;31:*.tbz2=01;31:*.tz=01;31:*.deb=01;31:*.rpm=01;31:*.jar=01;31:*.war=01;31:*.ear=01;31:*.sar=01;31:*.rar=01;31:*.ace=01;31:*.zoo=01;31:*.cpio=01;31:*.7z=01;31:*.rz=01;31:*.jpg=01;35:*.jpeg=01;35:*.gif=01;35:*.bmp=01;35:*.pbm=01;35:*.pgm=01;35:*.ppm=01;35:*.tga=01;35:*.xbm=01;35:*.xpm=01;35:*.tif=01;35:*.tiff=01;35:*.png=01;35:*.svg=01;35:*.svgz=01;35:*.mng=01;35:*.pcx=01;35:*.mov=01;35:*.mpg=01;35:*.mpeg=01;35:*.m2v=01;35:*.mkv=01;35:*.webm=01;35:*.ogm=01;35:*.mp4=01;35:*.m4v=01;35:*.mp4v=01;35:*.vob=01;35:*.qt=01;35:*.nuv=01;35:*.wmv=01;35:*.asf=01;35:*.rm=01;35:*.rmvb=01;35:*.flc=01;35:*.avi=01;35:*.fli=01;35:*.flv=01;35:*.gl=01;35:*.dl=01;35:*.xcf=01;35:*.xwd=01;35:*.yuv=01;35:*.cgm=01;35:*.emf=01;35:*.axv=01;35:*.anx=01;35:*.ogv=01;35:*.ogx=01;35:*.aac=00;36:*.au=00;36:*.flac=00;36:*.mid=00;36:*.midi=00;36:*.mka=00;36:*.mp3=00;36:*.mpc=00;36:*.ogg=00;36:*.ra=00;36:*.wav=00;36:*.axa=00;36:*.oga=00;36:*.spx=00;36:*.xspf=00;36:', 'XDG_SEAT': 'seat0'}

Collecting flake8
  Downloading flake8-3.0.4-py2.py3-none-any.whl (64kB)
Collecting flake8-docstrings
  Downloading flake8_docstrings-1.0.2-py2.py3-none-any.whl
Collecting mccabe<0.6.0,>=0.5.0 (from flake8)
  Downloading mccabe-0.5.2-py2.py3-none-any.whl
Collecting pyflakes!=1.2.0,!=1.2.1,!=1.2.2,<1.3.0,>=0.8.1 (from flake8)
  Downloading pyflakes-1.2.3-py2.py3-none-any.whl (209kB)
Collecting pycodestyle<2.1.0,>=2.0.0 (from flake8)
  Downloading pycodestyle-2.0.0-py2.py3-none-any.whl (42kB)
Collecting enum34; python_version < "3.4" (from flake8)
  Using cached enum34-1.1.6-py2-none-any.whl
Collecting configparser; python_version < "3.2" (from flake8)
  Downloading configparser-3.5.0.tar.gz
Collecting pydocstyle (from flake8-docstrings)
  Downloading pydocstyle-1.0.0-py2.py3-none-any.whl
Building wheels for collected packages: configparser
  Running setup.py bdist_wheel for configparser: started
  Running setup.py bdist_wheel for configparser: finished with status 'done'
  Stored in directory: /home/jorujlu/.cache/pip/wheels/1c/bd/b4/277af3f6c40645661b4cd1c21df26aca0f2e1e9714a1d4cda8
Successfully built configparser
Installing collected packages: mccabe, pyflakes, pycodestyle, enum34, configparser, flake8, pydocstyle, flake8-docstrings
Successfully installed configparser-3.5.0 enum34-1.1.6 flake8-3.0.4 flake8-docstrings-1.0.2 mccabe-0.5.2 pycodestyle-2.0.0 pydocstyle-1.0.0 pyflakes-1.2.3
